[0.099s] Invoking command in '/home/jg/farmbot_ws/build/farmbot_description': CMAKE_PREFIX_PATH=/home/jg/farmbot_ws/install/farmbot_description:/home/jg/farmbot_ws/install/farmbot_gazebo_plugin:/home/jg/car_ws/install/launches:/home/jg/car_ws/install/autocar_nav:/home/jg/car_ws/install/autocar_msgs:/home/jg/car_ws/install/autocar_map:/home/jg/car_ws/install/autocar_gazebo:/home/jg/car_ws/install/autocar_description:/home/jg/neor_mini/mini_sim20_ws/install/neor_mini_gazebo_plugin:/home/jg/neor_mini/mini_sim20_ws/install/neor_mini_foxy:/home/jg/neor_mini/mini_sim20_ws/install/ackermann_steering_controller /usr/bin/ctest -C Release -D ExperimentalTest --no-compress-output -V --force-new-ctest-process
[0.109s] UpdateCTestConfiguration  from :/home/jg/farmbot_ws/build/farmbot_description/CTestConfiguration.ini
[0.109s] Parse Config file:/home/jg/farmbot_ws/build/farmbot_description/CTestConfiguration.ini
[0.110s]    Site: ros2-foxy
[0.110s]    Build name: (empty)
[0.111s]  Add coverage exclude regular expressions.
[0.111s] SetCTestConfiguration:CMakeCommand:/usr/bin/cmake
[0.111s] Create new tag: 20230215-0340 - Experimental
[0.112s] UpdateCTestConfiguration  from :/home/jg/farmbot_ws/build/farmbot_description/CTestConfiguration.ini
[0.112s] Parse Config file:/home/jg/farmbot_ws/build/farmbot_description/CTestConfiguration.ini
[0.112s] Test project /home/jg/farmbot_ws/build/farmbot_description
[0.112s] Constructing a list of tests
[0.112s] Done constructing a list of tests
[0.112s] Updating test list for fixtures
[0.112s] Added 0 tests to meet fixture requirements
[0.113s] Checking test dependency graph...
[0.113s] Checking test dependency graph end
[0.113s] test 1
[0.113s]     Start 1: copyright
[0.113s] 
[0.113s] 1: Test command: /usr/bin/python3 "-u" "/opt/ros/foxy/share/ament_cmake_test/cmake/run_test.py" "/home/jg/farmbot_ws/build/farmbot_description/test_results/farmbot_description/copyright.xunit.xml" "--package-name" "farmbot_description" "--output-file" "/home/jg/farmbot_ws/build/farmbot_description/ament_copyright/copyright.txt" "--command" "/opt/ros/foxy/bin/ament_copyright" "--xunit-file" "/home/jg/farmbot_ws/build/farmbot_description/test_results/farmbot_description/copyright.xunit.xml"
[0.113s] 1: Test timeout computed to be: 60
[0.200s] 1: -- run_test.py: invoking following command in '/home/jg/farmbot_ws/src/farmbot_description':
[0.201s] 1:  - /opt/ros/foxy/bin/ament_copyright --xunit-file /home/jg/farmbot_ws/build/farmbot_description/test_results/farmbot_description/copyright.xunit.xml
[0.528s] 1: launch/display.launch.py: could not find copyright notice
[0.528s] 1: launch/gazebo.launch.py: could not find copyright notice
[0.529s] 1: launch/spawn_car.launch.py: could not find copyright notice
[0.529s] 1: scripts/spawn_bot.py: could not find copyright notice
[0.529s] 1: setup_archived.py: could not find copyright notice
[0.529s] 1: src/farmbot_description_node.cpp: could not find copyright notice
[0.529s] 1: 6 errors, checked 10 files
[0.547s] 1: -- run_test.py: return code 1
[0.547s] 1: -- run_test.py: verify result file '/home/jg/farmbot_ws/build/farmbot_description/test_results/farmbot_description/copyright.xunit.xml'
[0.561s] 1/8 Test #1: copyright ........................***Failed    0.45 sec
[0.562s] test 2
[0.562s]     Start 2: cppcheck
[0.562s] 
[0.562s] 2: Test command: /usr/bin/python3 "-u" "/opt/ros/foxy/share/ament_cmake_test/cmake/run_test.py" "/home/jg/farmbot_ws/build/farmbot_description/test_results/farmbot_description/cppcheck.xunit.xml" "--package-name" "farmbot_description" "--output-file" "/home/jg/farmbot_ws/build/farmbot_description/ament_cppcheck/cppcheck.txt" "--command" "/opt/ros/foxy/bin/ament_cppcheck" "--xunit-file" "/home/jg/farmbot_ws/build/farmbot_description/test_results/farmbot_description/cppcheck.xunit.xml" "--include_dirs" "/home/jg/farmbot_ws/src/farmbot_description/include"
[0.563s] 2: Test timeout computed to be: 300
[0.646s] 2: -- run_test.py: invoking following command in '/home/jg/farmbot_ws/src/farmbot_description':
[0.647s] 2:  - /opt/ros/foxy/bin/ament_cppcheck --xunit-file /home/jg/farmbot_ws/build/farmbot_description/test_results/farmbot_description/cppcheck.xunit.xml --include_dirs /home/jg/farmbot_ws/src/farmbot_description/include
[0.983s] 2: No problems found
[1.004s] 2: -- run_test.py: return code 0
[1.004s] 2: -- run_test.py: verify result file '/home/jg/farmbot_ws/build/farmbot_description/test_results/farmbot_description/cppcheck.xunit.xml'
[1.018s] 2/8 Test #2: cppcheck .........................   Passed    0.46 sec
[1.018s] test 3
[1.019s]     Start 3: cpplint
[1.019s] 
[1.019s] 3: Test command: /usr/bin/python3 "-u" "/opt/ros/foxy/share/ament_cmake_test/cmake/run_test.py" "/home/jg/farmbot_ws/build/farmbot_description/test_results/farmbot_description/cpplint.xunit.xml" "--package-name" "farmbot_description" "--output-file" "/home/jg/farmbot_ws/build/farmbot_description/ament_cpplint/cpplint.txt" "--command" "/opt/ros/foxy/bin/ament_cpplint" "--xunit-file" "/home/jg/farmbot_ws/build/farmbot_description/test_results/farmbot_description/cpplint.xunit.xml"
[1.019s] 3: Test timeout computed to be: 120
[1.105s] 3: -- run_test.py: invoking following command in '/home/jg/farmbot_ws/src/farmbot_description':
[1.105s] 3:  - /opt/ros/foxy/bin/ament_cpplint --xunit-file /home/jg/farmbot_ws/build/farmbot_description/test_results/farmbot_description/cpplint.xunit.xml
[1.435s] 3: /home/jg/farmbot_ws/src/farmbot_description/src/farmbot_description_node.cpp:0:  No copyright message found.  You should have a line: "Copyright [year] <Copyright Owner>"  [legal/copyright] [5]
[1.435s] 3: Category 'legal/copyright' errors found: 1
[1.435s] 3: Total errors found: 1
[1.435s] 3: Using '--root=/home/jg/farmbot_ws/src/farmbot_description/src' argument
[1.435s] 3: 
[1.436s] 3: Done processing /home/jg/farmbot_ws/src/farmbot_description/src/farmbot_description_node.cpp
[1.436s] 3: 
[1.452s] 3: -- run_test.py: return code 1
[1.452s] 3: -- run_test.py: verify result file '/home/jg/farmbot_ws/build/farmbot_description/test_results/farmbot_description/cpplint.xunit.xml'
[1.466s] 3/8 Test #3: cpplint ..........................***Failed    0.45 sec
[1.466s] test 4
[1.466s]     Start 4: flake8
[1.466s] 
[1.466s] 4: Test command: /usr/bin/python3 "-u" "/opt/ros/foxy/share/ament_cmake_test/cmake/run_test.py" "/home/jg/farmbot_ws/build/farmbot_description/test_results/farmbot_description/flake8.xunit.xml" "--package-name" "farmbot_description" "--output-file" "/home/jg/farmbot_ws/build/farmbot_description/ament_flake8/flake8.txt" "--command" "/opt/ros/foxy/bin/ament_flake8" "--xunit-file" "/home/jg/farmbot_ws/build/farmbot_description/test_results/farmbot_description/flake8.xunit.xml"
[1.467s] 4: Test timeout computed to be: 60
[1.553s] 4: -- run_test.py: invoking following command in '/home/jg/farmbot_ws/src/farmbot_description':
[1.553s] 4:  - /opt/ros/foxy/bin/ament_flake8 --xunit-file /home/jg/farmbot_ws/build/farmbot_description/test_results/farmbot_description/flake8.xunit.xml
[2.132s] 4: Traceback (most recent call last):
[2.132s] 4:   File "/usr/lib/python3/dist-packages/flake8/plugins/manager.py", line 158, in load_plugin
[2.132s] 4:     self._load()
[2.133s] 4:   File "/usr/lib/python3/dist-packages/flake8/plugins/manager.py", line 135, in _load
[2.133s] 4:     self._plugin = self.entry_point.load()
[2.133s] 4:   File "/usr/lib/python3/dist-packages/entrypoints.py", line 83, in load
[2.133s] 4:     obj = getattr(obj, attr)
[2.133s] 4: AttributeError: module 'pycodestyle' has no attribute 'missing_whitespace_after_import_keyword'
[2.133s] 4: 
[2.133s] 4: During handling of the above exception, another exception occurred:
[2.134s] 4: 
[2.134s] 4: Traceback (most recent call last):
[2.134s] 4:   File "/opt/ros/foxy/bin/ament_flake8", line 11, in <module>
[2.134s] 4:     load_entry_point('ament-flake8==0.9.7', 'console_scripts', 'ament_flake8')()
[2.134s] 4:   File "/opt/ros/foxy/lib/python3.8/site-packages/ament_flake8/main.py", line 32, in main
[2.134s] 4:     rc, _ = main_with_errors(argv=argv)
[2.135s] 4:   File "/opt/ros/foxy/lib/python3.8/site-packages/ament_flake8/main.py", line 86, in main_with_errors
[2.135s] 4:     report = generate_flake8_report(
[2.135s] 4:   File "/opt/ros/foxy/lib/python3.8/site-packages/ament_flake8/main.py", line 189, in generate_flake8_report
[2.135s] 4:     style = get_flake8_style_guide(flake8_argv)
[2.135s] 4:   File "/opt/ros/foxy/lib/python3.8/site-packages/ament_flake8/main.py", line 161, in get_flake8_style_guide
[2.135s] 4:     application.find_plugins()
[2.135s] 4:   File "/usr/lib/python3/dist-packages/flake8/main/application.py", line 199, in find_plugins
[2.135s] 4:     self.check_plugins.load_plugins()
[2.136s] 4:   File "/usr/lib/python3/dist-packages/flake8/plugins/manager.py", line 410, in load_plugins
[2.136s] 4:     plugins = list(self.manager.map(load_plugin))
[2.136s] 4:   File "/usr/lib/python3/dist-packages/flake8/plugins/manager.py", line 297, in map
[2.136s] 4:     yield func(self.plugins[name], *args, **kwargs)
[2.136s] 4:   File "/usr/lib/python3/dist-packages/flake8/plugins/manager.py", line 408, in load_plugin
[2.136s] 4:     return plugin.load_plugin()
[2.136s] 4:   File "/usr/lib/python3/dist-packages/flake8/plugins/manager.py", line 165, in load_plugin
[2.136s] 4:     raise failed_to_load
[2.137s] 4: flake8.exceptions.FailedToLoadPlugin: Flake8 failed to load plugin "pycodestyle.missing_whitespace_after_import_keyword" due to module 'pycodestyle' has no attribute 'missing_whitespace_after_import_keyword'.
[2.187s] 4: -- run_test.py: return code 1
[2.187s] 4: -- run_test.py: generate result file '/home/jg/farmbot_ws/build/farmbot_description/test_results/farmbot_description/flake8.xunit.xml' with failed test
[2.188s] 4: -- run_test.py: verify result file '/home/jg/farmbot_ws/build/farmbot_description/test_results/farmbot_description/flake8.xunit.xml'
[2.201s] 4/8 Test #4: flake8 ...........................***Failed    0.73 sec
[2.201s] test 5
[2.202s]     Start 5: lint_cmake
[2.202s] 
[2.202s] 5: Test command: /usr/bin/python3 "-u" "/opt/ros/foxy/share/ament_cmake_test/cmake/run_test.py" "/home/jg/farmbot_ws/build/farmbot_description/test_results/farmbot_description/lint_cmake.xunit.xml" "--package-name" "farmbot_description" "--output-file" "/home/jg/farmbot_ws/build/farmbot_description/ament_lint_cmake/lint_cmake.txt" "--command" "/opt/ros/foxy/bin/ament_lint_cmake" "--xunit-file" "/home/jg/farmbot_ws/build/farmbot_description/test_results/farmbot_description/lint_cmake.xunit.xml"
[2.202s] 5: Test timeout computed to be: 60
[2.283s] 5: -- run_test.py: invoking following command in '/home/jg/farmbot_ws/src/farmbot_description':
[2.283s] 5:  - /opt/ros/foxy/bin/ament_lint_cmake --xunit-file /home/jg/farmbot_ws/build/farmbot_description/test_results/farmbot_description/lint_cmake.xunit.xml
[2.572s] 5: 
[2.572s] 5: No problems found
[2.590s] 5: -- run_test.py: return code 0
[2.590s] 5: -- run_test.py: verify result file '/home/jg/farmbot_ws/build/farmbot_description/test_results/farmbot_description/lint_cmake.xunit.xml'
[2.604s] 5/8 Test #5: lint_cmake .......................   Passed    0.40 sec
[2.605s] test 6
[2.605s]     Start 6: pep257
[2.605s] 
[2.605s] 6: Test command: /usr/bin/python3 "-u" "/opt/ros/foxy/share/ament_cmake_test/cmake/run_test.py" "/home/jg/farmbot_ws/build/farmbot_description/test_results/farmbot_description/pep257.xunit.xml" "--package-name" "farmbot_description" "--output-file" "/home/jg/farmbot_ws/build/farmbot_description/ament_pep257/pep257.txt" "--command" "/opt/ros/foxy/bin/ament_pep257" "--xunit-file" "/home/jg/farmbot_ws/build/farmbot_description/test_results/farmbot_description/pep257.xunit.xml"
[2.605s] 6: Test timeout computed to be: 60
[2.692s] 6: -- run_test.py: invoking following command in '/home/jg/farmbot_ws/src/farmbot_description':
[2.692s] 6:  - /opt/ros/foxy/bin/ament_pep257 --xunit-file /home/jg/farmbot_ws/build/farmbot_description/test_results/farmbot_description/pep257.xunit.xml
[3.087s] 6: checking ./farmbot_description/__init__.py
[3.087s] 6: checking ./launch/display.launch.py
[3.087s] 6: checking ./launch/gazebo.launch.py
[3.087s] 6: checking ./launch/spawn_car.launch.py
[3.088s] 6: checking ./scripts/spawn_bot.py
[3.088s] 6: checking ./setup_archived.py
[3.088s] 6: checking ./test/test_copyright.py
[3.088s] 6: checking ./test/test_flake8.py
[3.088s] 6: checking ./test/test_pep257.py
[3.088s] 6: No problems found
[3.111s] 6: -- run_test.py: return code 0
[3.111s] 6: -- run_test.py: verify result file '/home/jg/farmbot_ws/build/farmbot_description/test_results/farmbot_description/pep257.xunit.xml'
[3.126s] 6/8 Test #6: pep257 ...........................   Passed    0.52 sec
[3.126s] test 7
[3.126s]     Start 7: uncrustify
[3.126s] 
[3.126s] 7: Test command: /usr/bin/python3 "-u" "/opt/ros/foxy/share/ament_cmake_test/cmake/run_test.py" "/home/jg/farmbot_ws/build/farmbot_description/test_results/farmbot_description/uncrustify.xunit.xml" "--package-name" "farmbot_description" "--output-file" "/home/jg/farmbot_ws/build/farmbot_description/ament_uncrustify/uncrustify.txt" "--command" "/opt/ros/foxy/bin/ament_uncrustify" "--xunit-file" "/home/jg/farmbot_ws/build/farmbot_description/test_results/farmbot_description/uncrustify.xunit.xml"
[3.126s] 7: Test timeout computed to be: 60
[3.211s] 7: -- run_test.py: invoking following command in '/home/jg/farmbot_ws/src/farmbot_description':
[3.211s] 7:  - /opt/ros/foxy/bin/ament_uncrustify --xunit-file /home/jg/farmbot_ws/build/farmbot_description/test_results/farmbot_description/uncrustify.xunit.xml
[3.513s] 7: No code style divergence in file 'src/farmbot_description_node.cpp'
[3.513s] 7: 
[3.514s] 7: No problems found
[3.535s] 7: -- run_test.py: return code 0
[3.535s] 7: -- run_test.py: verify result file '/home/jg/farmbot_ws/build/farmbot_description/test_results/farmbot_description/uncrustify.xunit.xml'
[3.549s] 7/8 Test #7: uncrustify .......................   Passed    0.42 sec
[3.550s] test 8
[3.550s]     Start 8: xmllint
[3.550s] 
[3.550s] 8: Test command: /usr/bin/python3 "-u" "/opt/ros/foxy/share/ament_cmake_test/cmake/run_test.py" "/home/jg/farmbot_ws/build/farmbot_description/test_results/farmbot_description/xmllint.xunit.xml" "--package-name" "farmbot_description" "--output-file" "/home/jg/farmbot_ws/build/farmbot_description/ament_xmllint/xmllint.txt" "--command" "/opt/ros/foxy/bin/ament_xmllint" "--xunit-file" "/home/jg/farmbot_ws/build/farmbot_description/test_results/farmbot_description/xmllint.xunit.xml"
[3.550s] 8: Test timeout computed to be: 60
[3.636s] 8: -- run_test.py: invoking following command in '/home/jg/farmbot_ws/src/farmbot_description':
[3.636s] 8:  - /opt/ros/foxy/bin/ament_xmllint --xunit-file /home/jg/farmbot_ws/build/farmbot_description/test_results/farmbot_description/xmllint.xunit.xml
[4.249s] 8: File 'package.xml' is valid
[4.249s] 8: 
[4.249s] 8: No problems found
[4.269s] 8: -- run_test.py: return code 0
[4.269s] 8: -- run_test.py: verify result file '/home/jg/farmbot_ws/build/farmbot_description/test_results/farmbot_description/xmllint.xunit.xml'
[4.283s] 8/8 Test #8: xmllint ..........................   Passed    0.73 sec
[4.285s] 
[4.285s] 63% tests passed[0;0m, [0;31m3 tests failed[0;0m out of 8
[4.285s] 
[4.285s] Label Time Summary:
[4.285s] copyright     =   0.45 sec*proc (1 test)
[4.286s] cppcheck      =   0.46 sec*proc (1 test)
[4.286s] cpplint       =   0.45 sec*proc (1 test)
[4.286s] flake8        =   0.73 sec*proc (1 test)
[4.286s] lint_cmake    =   0.40 sec*proc (1 test)
[4.286s] linter        =   4.17 sec*proc (8 tests)
[4.286s] pep257        =   0.52 sec*proc (1 test)
[4.286s] uncrustify    =   0.42 sec*proc (1 test)
[4.286s] xmllint       =   0.73 sec*proc (1 test)
[4.287s] 
[4.287s] Total Test time (real) =   4.17 sec
[4.287s] 
[4.287s] The following tests FAILED:
[4.287s] 	[0;31m  1 - copyright (Failed)[0;0m
[4.287s] 	[0;31m  3 - cpplint (Failed)[0;0m
[4.287s] 	[0;31m  4 - flake8 (Failed)[0;0m
[4.308s] Errors while running CTest
[4.311s] Invoked command in '/home/jg/farmbot_ws/build/farmbot_description' returned '8': CMAKE_PREFIX_PATH=/home/jg/farmbot_ws/install/farmbot_description:/home/jg/farmbot_ws/install/farmbot_gazebo_plugin:/home/jg/car_ws/install/launches:/home/jg/car_ws/install/autocar_nav:/home/jg/car_ws/install/autocar_msgs:/home/jg/car_ws/install/autocar_map:/home/jg/car_ws/install/autocar_gazebo:/home/jg/car_ws/install/autocar_description:/home/jg/neor_mini/mini_sim20_ws/install/neor_mini_gazebo_plugin:/home/jg/neor_mini/mini_sim20_ws/install/neor_mini_foxy:/home/jg/neor_mini/mini_sim20_ws/install/ackermann_steering_controller /usr/bin/ctest -C Release -D ExperimentalTest --no-compress-output -V --force-new-ctest-process
